<?xml version="1.0" encoding="UTF-8"?>
<!-- Generated by org.testng.reporters.JUnitReportReporter -->
<testsuite hostname="DESKTOP-QJ68L76" failures="0" tests="1" name="com.Orange.Qualifications.TC_001_AddQualification" time="29.876" errors="0" timestamp="2022-01-12T14:16:59 IST" skipped="0">
  <testcase classname="com.Orange.Qualifications.TC_001_AddQualification" name="addingSkill" time="29.876"/>
  <system-out/>
</testsuite> <!-- com.Orange.Qualifications.TC_001_AddQualification -->
